[0.006s] Invoking command in '/home/gustavo/prova1-m6-ec/meu_workspace/build/turtlesim': CMAKE_PREFIX_PATH=/opt/ros/humble /usr/bin/cmake /home/gustavo/prova1-m6-ec/meu_workspace/src/ros_tutorials/turtlesim -DCMAKE_INSTALL_PREFIX=/home/gustavo/prova1-m6-ec/meu_workspace/install/turtlesim
[0.050s] -- The C compiler identification is GNU 11.4.0
[0.097s] -- The CXX compiler identification is GNU 11.4.0
[0.102s] -- Detecting C compiler ABI info
[0.157s] -- Detecting C compiler ABI info - done
[0.162s] -- Check for working C compiler: /usr/bin/cc - skipped
[0.162s] -- Detecting C compile features
[0.163s] -- Detecting C compile features - done
[0.165s] -- Detecting CXX compiler ABI info
[0.232s] -- Detecting CXX compiler ABI info - done
[0.237s] -- Check for working CXX compiler: /usr/bin/c++ - skipped
[0.237s] -- Detecting CXX compile features
[0.237s] -- Detecting CXX compile features - done
[0.238s] -- Found ament_cmake: 1.3.8 (/opt/ros/humble/share/ament_cmake/cmake)
[0.345s] -- Found Python3: /usr/bin/python3 (found version "3.10.12") found components: Interpreter 
[0.398s] -- Found ament_index_cpp: 1.4.0 (/opt/ros/humble/share/ament_index_cpp/cmake)
[0.399s] -- Found geometry_msgs: 4.2.3 (/opt/ros/humble/share/geometry_msgs/cmake)
[0.420s] -- Found rosidl_generator_c: 3.1.5 (/opt/ros/humble/share/rosidl_generator_c/cmake)
[0.422s] -- Found rosidl_adapter: 3.1.5 (/opt/ros/humble/share/rosidl_adapter/cmake)
[0.428s] -- Found rosidl_generator_cpp: 3.1.5 (/opt/ros/humble/share/rosidl_generator_cpp/cmake)
[0.438s] -- Using all available rosidl_typesupport_c: rosidl_typesupport_fastrtps_c;rosidl_typesupport_introspection_c
[0.449s] -- Using all available rosidl_typesupport_cpp: rosidl_typesupport_fastrtps_cpp;rosidl_typesupport_introspection_cpp
[0.529s] -- Found rclcpp: 16.0.8 (/opt/ros/humble/share/rclcpp/cmake)
[0.563s] -- Found rmw_implementation_cmake: 6.1.1 (/opt/ros/humble/share/rmw_implementation_cmake/cmake)
[0.564s] -- Found rmw_fastrtps_cpp: 6.2.6 (/opt/ros/humble/share/rmw_fastrtps_cpp/cmake)
[0.624s] -- Found OpenSSL: /usr/lib/x86_64-linux-gnu/libcrypto.so (found version "3.0.2")  
[0.641s] -- Found FastRTPS: /opt/ros/humble/include  
[0.670s] -- Using RMW implementation 'rmw_fastrtps_cpp' as default
[0.674s] -- Looking for pthread.h
[0.727s] -- Looking for pthread.h - found
[0.727s] -- Performing Test CMAKE_HAVE_LIBC_PTHREAD
[0.795s] -- Performing Test CMAKE_HAVE_LIBC_PTHREAD - Success
[0.796s] -- Found Threads: TRUE  
[0.876s] -- Found rclcpp_action: 16.0.8 (/opt/ros/humble/share/rclcpp_action/cmake)
[0.934s] -- Found rosidl_default_generators: 1.2.0 (/opt/ros/humble/share/rosidl_default_generators/cmake)
[0.939s] -- Found std_srvs: 4.2.3 (/opt/ros/humble/share/std_srvs/cmake)
[1.153s] -- Found ament_cmake_ros: 0.10.0 (/opt/ros/humble/share/ament_cmake_ros/cmake)
[1.373s] -- Using all available rosidl_typesupport_c: rosidl_typesupport_fastrtps_c;rosidl_typesupport_introspection_c
[1.459s] -- Using all available rosidl_typesupport_cpp: rosidl_typesupport_fastrtps_cpp;rosidl_typesupport_introspection_cpp
[1.475s] -- Found PythonInterp: /usr/bin/python3 (found suitable version "3.10.12", minimum required is "3.6") 
[1.475s] -- Found python_cmake_module: 0.10.0 (/opt/ros/humble/share/python_cmake_module/cmake)
[1.493s] -- Found PythonLibs: /usr/lib/x86_64-linux-gnu/libpython3.10.so (found suitable version "3.10.12", minimum required is "3.5") 
[1.493s] -- Using PYTHON_EXECUTABLE: /usr/bin/python3
[1.493s] -- Using PYTHON_INCLUDE_DIRS: /usr/include/python3.10
[1.493s] -- Using PYTHON_LIBRARIES: /usr/lib/x86_64-linux-gnu/libpython3.10.so
[1.508s] -- Found PythonExtra: .so  
[1.543s] -- Configuring done
[1.582s] -- Generating done
[1.585s] -- Build files have been written to: /home/gustavo/prova1-m6-ec/meu_workspace/build/turtlesim
[1.599s] Invoked command in '/home/gustavo/prova1-m6-ec/meu_workspace/build/turtlesim' returned '0': CMAKE_PREFIX_PATH=/opt/ros/humble /usr/bin/cmake /home/gustavo/prova1-m6-ec/meu_workspace/src/ros_tutorials/turtlesim -DCMAKE_INSTALL_PREFIX=/home/gustavo/prova1-m6-ec/meu_workspace/install/turtlesim
[1.599s] Invoking command in '/home/gustavo/prova1-m6-ec/meu_workspace/build/turtlesim': CMAKE_PREFIX_PATH=/opt/ros/humble /usr/bin/cmake --build /home/gustavo/prova1-m6-ec/meu_workspace/build/turtlesim -- -j8 -l8
[1.629s] [  1%] [34m[1mGenerating C code for ROS interfaces[0m
[1.636s] [  2%] [34m[1mGenerating C++ code for ROS interfaces[0m
[1.642s] [  2%] Built target ament_cmake_python_copy_turtlesim
[1.809s] running egg_info
[1.810s] creating turtlesim.egg-info
[1.810s] writing turtlesim.egg-info/PKG-INFO
[1.810s] writing dependency_links to turtlesim.egg-info/dependency_links.txt
[1.810s] writing top-level names to turtlesim.egg-info/top_level.txt
[1.810s] writing manifest file 'turtlesim.egg-info/SOURCES.txt'
[1.812s] reading manifest file 'turtlesim.egg-info/SOURCES.txt'
[1.812s] writing manifest file 'turtlesim.egg-info/SOURCES.txt'
[1.835s] [  2%] Built target ament_cmake_python_build_turtlesim_egg
[2.316s] [  2%] Built target turtlesim__cpp
[2.327s] [  3%] [34m[1mGenerating C++ type support dispatch for ROS interfaces[0m
[2.332s] [  4%] [34m[1mGenerating C++ introspection for ROS interfaces[0m
[2.333s] [  5%] [34m[1mGenerating C++ type support for eProsima Fast-RTPS[0m
[2.378s] [  8%] [32mBuilding C object CMakeFiles/turtlesim__rosidl_generator_c.dir/rosidl_generator_c/turtlesim/msg/detail/color__functions.c.o[0m
[2.378s] [  8%] [32mBuilding C object CMakeFiles/turtlesim__rosidl_generator_c.dir/rosidl_generator_c/turtlesim/srv/detail/kill__functions.c.o[0m
[2.378s] [  9%] [32mBuilding C object CMakeFiles/turtlesim__rosidl_generator_c.dir/rosidl_generator_c/turtlesim/action/detail/rotate_absolute__functions.c.o[0m
[2.378s] [  9%] [32mBuilding C object CMakeFiles/turtlesim__rosidl_generator_c.dir/rosidl_generator_c/turtlesim/msg/detail/pose__functions.c.o[0m
[2.378s] [ 10%] [32mBuilding C object CMakeFiles/turtlesim__rosidl_generator_c.dir/rosidl_generator_c/turtlesim/srv/detail/set_pen__functions.c.o[0m
[2.444s] [ 12%] [32mBuilding C object CMakeFiles/turtlesim__rosidl_generator_c.dir/rosidl_generator_c/turtlesim/srv/detail/spawn__functions.c.o[0m
[2.444s] [ 12%] [32mBuilding C object CMakeFiles/turtlesim__rosidl_generator_c.dir/rosidl_generator_c/turtlesim/srv/detail/teleport_absolute__functions.c.o[0m
[2.476s] [ 13%] [32mBuilding C object CMakeFiles/turtlesim__rosidl_generator_c.dir/rosidl_generator_c/turtlesim/srv/detail/teleport_relative__functions.c.o[0m
[2.520s] [ 14%] [32m[1mLinking C shared library libturtlesim__rosidl_generator_c.so[0m
[2.548s] [ 14%] Built target turtlesim__rosidl_generator_c
[2.555s] [ 15%] [34m[1mGenerating C type support for eProsima Fast-RTPS[0m
[2.557s] [ 17%] [34m[1mGenerating C introspection for ROS interfaces[0m
[2.557s] [ 17%] [34m[1mGenerating C type support dispatch for ROS interfaces[0m
[2.935s] [ 19%] [32mBuilding CXX object CMakeFiles/turtlesim__rosidl_typesupport_c.dir/rosidl_typesupport_c/turtlesim/msg/pose__type_support.cpp.o[0m
[2.935s] [ 19%] [32mBuilding CXX object CMakeFiles/turtlesim__rosidl_typesupport_c.dir/rosidl_typesupport_c/turtlesim/action/rotate_absolute__type_support.cpp.o[0m
[2.936s] [ 20%] [32mBuilding CXX object CMakeFiles/turtlesim__rosidl_typesupport_c.dir/rosidl_typesupport_c/turtlesim/msg/color__type_support.cpp.o[0m
[3.053s] [ 21%] [32mBuilding CXX object CMakeFiles/turtlesim__rosidl_typesupport_cpp.dir/rosidl_typesupport_cpp/turtlesim/action/rotate_absolute__type_support.cpp.o[0m
[3.099s] [ 22%] [32mBuilding CXX object CMakeFiles/turtlesim__rosidl_typesupport_c.dir/rosidl_typesupport_c/turtlesim/srv/kill__type_support.cpp.o[0m
[3.206s] [ 23%] [32mBuilding CXX object CMakeFiles/turtlesim__rosidl_typesupport_introspection_cpp.dir/rosidl_typesupport_introspection_cpp/turtlesim/action/detail/rotate_absolute__type_support.cpp.o[0m
[3.218s] [ 24%] [32mBuilding CXX object CMakeFiles/turtlesim__rosidl_typesupport_fastrtps_c.dir/rosidl_typesupport_fastrtps_c/turtlesim/action/detail/rotate_absolute__type_support_c.cpp.o[0m
[3.241s] [ 25%] [32mBuilding CXX object CMakeFiles/turtlesim__rosidl_typesupport_fastrtps_c.dir/rosidl_typesupport_fastrtps_c/turtlesim/msg/detail/color__type_support_c.cpp.o[0m
[3.384s] [ 26%] [32mBuilding CXX object CMakeFiles/turtlesim__rosidl_typesupport_introspection_cpp.dir/rosidl_typesupport_introspection_cpp/turtlesim/msg/detail/color__type_support.cpp.o[0m
[3.495s] [ 27%] [32mBuilding CXX object CMakeFiles/turtlesim__rosidl_typesupport_fastrtps_cpp.dir/rosidl_typesupport_fastrtps_cpp/turtlesim/action/detail/dds_fastrtps/rotate_absolute__type_support.cpp.o[0m
[3.530s] [ 28%] [32mBuilding CXX object CMakeFiles/turtlesim__rosidl_typesupport_c.dir/rosidl_typesupport_c/turtlesim/srv/set_pen__type_support.cpp.o[0m
[3.594s] [ 29%] [32mBuilding C object CMakeFiles/turtlesim__rosidl_typesupport_introspection_c.dir/rosidl_typesupport_introspection_c/turtlesim/action/detail/rotate_absolute__type_support.c.o[0m
[3.677s] [ 30%] [32mBuilding CXX object CMakeFiles/turtlesim__rosidl_typesupport_cpp.dir/rosidl_typesupport_cpp/turtlesim/msg/color__type_support.cpp.o[0m
[3.817s] [ 31%] [32mBuilding CXX object CMakeFiles/turtlesim__rosidl_typesupport_c.dir/rosidl_typesupport_c/turtlesim/srv/spawn__type_support.cpp.o[0m
[3.952s] [ 32%] [32mBuilding C object CMakeFiles/turtlesim__rosidl_typesupport_introspection_c.dir/rosidl_typesupport_introspection_c/turtlesim/msg/detail/color__type_support.c.o[0m
[4.252s] [ 33%] [32mBuilding C object CMakeFiles/turtlesim__rosidl_typesupport_introspection_c.dir/rosidl_typesupport_introspection_c/turtlesim/msg/detail/pose__type_support.c.o[0m
[4.382s] [ 34%] [32mBuilding CXX object CMakeFiles/turtlesim__rosidl_typesupport_fastrtps_c.dir/rosidl_typesupport_fastrtps_c/turtlesim/msg/detail/pose__type_support_c.cpp.o[0m
[4.517s] [ 36%] [32mBuilding CXX object CMakeFiles/turtlesim__rosidl_typesupport_c.dir/rosidl_typesupport_c/turtlesim/srv/teleport_absolute__type_support.cpp.o[0m
[4.517s] [ 36%] [32mBuilding CXX object CMakeFiles/turtlesim__rosidl_typesupport_introspection_cpp.dir/rosidl_typesupport_introspection_cpp/turtlesim/msg/detail/pose__type_support.cpp.o[0m
[4.670s] [ 37%] [32mBuilding C object CMakeFiles/turtlesim__rosidl_typesupport_introspection_c.dir/rosidl_typesupport_introspection_c/turtlesim/srv/detail/kill__type_support.c.o[0m
[4.762s] [ 38%] [32mBuilding CXX object CMakeFiles/turtlesim__rosidl_typesupport_cpp.dir/rosidl_typesupport_cpp/turtlesim/msg/pose__type_support.cpp.o[0m
[4.765s] [ 39%] [32mBuilding CXX object CMakeFiles/turtlesim__rosidl_typesupport_introspection_cpp.dir/rosidl_typesupport_introspection_cpp/turtlesim/srv/detail/kill__type_support.cpp.o[0m
[4.770s] [ 40%] [32mBuilding CXX object CMakeFiles/turtlesim__rosidl_typesupport_fastrtps_cpp.dir/rosidl_typesupport_fastrtps_cpp/turtlesim/msg/detail/dds_fastrtps/color__type_support.cpp.o[0m
[4.772s] [ 41%] [32mBuilding CXX object CMakeFiles/turtlesim__rosidl_typesupport_introspection_cpp.dir/rosidl_typesupport_introspection_cpp/turtlesim/srv/detail/set_pen__type_support.cpp.o[0m
[4.781s] [ 42%] [32mBuilding CXX object CMakeFiles/turtlesim__rosidl_typesupport_cpp.dir/rosidl_typesupport_cpp/turtlesim/srv/kill__type_support.cpp.o[0m
[4.782s] [ 43%] [32mBuilding CXX object CMakeFiles/turtlesim__rosidl_typesupport_fastrtps_c.dir/rosidl_typesupport_fastrtps_c/turtlesim/srv/detail/kill__type_support_c.cpp.o[0m
[4.782s] [ 44%] [32mBuilding CXX object CMakeFiles/turtlesim__rosidl_typesupport_c.dir/rosidl_typesupport_c/turtlesim/srv/teleport_relative__type_support.cpp.o[0m
[4.783s] [ 45%] [32mBuilding C object CMakeFiles/turtlesim__rosidl_typesupport_introspection_c.dir/rosidl_typesupport_introspection_c/turtlesim/srv/detail/set_pen__type_support.c.o[0m
[4.814s] [ 46%] [32m[1mLinking CXX shared library libturtlesim__rosidl_typesupport_c.so[0m
[4.820s] [ 47%] [32mBuilding C object CMakeFiles/turtlesim__rosidl_typesupport_introspection_c.dir/rosidl_typesupport_introspection_c/turtlesim/srv/detail/spawn__type_support.c.o[0m
[4.863s] [ 48%] [32mBuilding C object CMakeFiles/turtlesim__rosidl_typesupport_introspection_c.dir/rosidl_typesupport_introspection_c/turtlesim/srv/detail/teleport_absolute__type_support.c.o[0m
[4.863s] [ 48%] Built target turtlesim__rosidl_typesupport_c
[4.872s] [ 49%] [32mBuilding CXX object CMakeFiles/turtlesim__rosidl_typesupport_fastrtps_c.dir/rosidl_typesupport_fastrtps_c/turtlesim/srv/detail/set_pen__type_support_c.cpp.o[0m
[4.904s] [ 50%] [32mBuilding C object CMakeFiles/turtlesim__rosidl_typesupport_introspection_c.dir/rosidl_typesupport_introspection_c/turtlesim/srv/detail/teleport_relative__type_support.c.o[0m
[4.946s] [ 51%] [32m[1mLinking C shared library libturtlesim__rosidl_typesupport_introspection_c.so[0m
[4.985s] [ 51%] Built target turtlesim__rosidl_typesupport_introspection_c
[4.996s] [ 52%] [32mBuilding CXX object CMakeFiles/turtlesim__rosidl_typesupport_fastrtps_c.dir/rosidl_typesupport_fastrtps_c/turtlesim/srv/detail/spawn__type_support_c.cpp.o[0m
[5.051s] [ 53%] [32mBuilding CXX object CMakeFiles/turtlesim__rosidl_typesupport_cpp.dir/rosidl_typesupport_cpp/turtlesim/srv/set_pen__type_support.cpp.o[0m
[5.076s] [ 54%] [32mBuilding CXX object CMakeFiles/turtlesim__rosidl_typesupport_cpp.dir/rosidl_typesupport_cpp/turtlesim/srv/spawn__type_support.cpp.o[0m
[5.213s] [ 55%] [32mBuilding CXX object CMakeFiles/turtlesim__rosidl_typesupport_introspection_cpp.dir/rosidl_typesupport_introspection_cpp/turtlesim/srv/detail/spawn__type_support.cpp.o[0m
[5.219s] [ 56%] [32mBuilding CXX object CMakeFiles/turtlesim__rosidl_typesupport_fastrtps_cpp.dir/rosidl_typesupport_fastrtps_cpp/turtlesim/msg/detail/dds_fastrtps/pose__type_support.cpp.o[0m
[5.228s] [ 57%] [32mBuilding CXX object CMakeFiles/turtlesim__rosidl_typesupport_cpp.dir/rosidl_typesupport_cpp/turtlesim/srv/teleport_absolute__type_support.cpp.o[0m
[5.237s] [ 58%] [32mBuilding CXX object CMakeFiles/turtlesim__rosidl_typesupport_fastrtps_c.dir/rosidl_typesupport_fastrtps_c/turtlesim/srv/detail/teleport_absolute__type_support_c.cpp.o[0m
[5.279s] [ 59%] [32mBuilding CXX object CMakeFiles/turtlesim__rosidl_typesupport_fastrtps_c.dir/rosidl_typesupport_fastrtps_c/turtlesim/srv/detail/teleport_relative__type_support_c.cpp.o[0m
[5.360s] [ 60%] [32mBuilding CXX object CMakeFiles/turtlesim__rosidl_typesupport_cpp.dir/rosidl_typesupport_cpp/turtlesim/srv/teleport_relative__type_support.cpp.o[0m
[5.394s] [ 61%] [32mBuilding CXX object CMakeFiles/turtlesim__rosidl_typesupport_fastrtps_cpp.dir/rosidl_typesupport_fastrtps_cpp/turtlesim/srv/detail/dds_fastrtps/kill__type_support.cpp.o[0m
[5.400s] [ 62%] [32mBuilding CXX object CMakeFiles/turtlesim__rosidl_typesupport_fastrtps_cpp.dir/rosidl_typesupport_fastrtps_cpp/turtlesim/srv/detail/dds_fastrtps/set_pen__type_support.cpp.o[0m
[5.545s] [ 63%] [32mBuilding CXX object CMakeFiles/turtlesim__rosidl_typesupport_fastrtps_cpp.dir/rosidl_typesupport_fastrtps_cpp/turtlesim/srv/detail/dds_fastrtps/spawn__type_support.cpp.o[0m
[5.653s] [ 64%] [32mBuilding CXX object CMakeFiles/turtlesim__rosidl_typesupport_introspection_cpp.dir/rosidl_typesupport_introspection_cpp/turtlesim/srv/detail/teleport_absolute__type_support.cpp.o[0m
[5.665s] [ 65%] [32m[1mLinking CXX shared library libturtlesim__rosidl_typesupport_cpp.so[0m
[5.678s] [ 66%] [32m[1mLinking CXX shared library libturtlesim__rosidl_typesupport_fastrtps_c.so[0m
[5.679s] [ 67%] [32mBuilding CXX object CMakeFiles/turtlesim__rosidl_typesupport_introspection_cpp.dir/rosidl_typesupport_introspection_cpp/turtlesim/srv/detail/teleport_relative__type_support.cpp.o[0m
[5.707s] [ 68%] [32mBuilding CXX object CMakeFiles/turtlesim__rosidl_typesupport_fastrtps_cpp.dir/rosidl_typesupport_fastrtps_cpp/turtlesim/srv/detail/dds_fastrtps/teleport_absolute__type_support.cpp.o[0m
[5.732s] [ 68%] Built target turtlesim__rosidl_typesupport_cpp
[5.743s] [ 69%] [32mBuilding CXX object CMakeFiles/turtlesim__rosidl_typesupport_fastrtps_cpp.dir/rosidl_typesupport_fastrtps_cpp/turtlesim/srv/detail/dds_fastrtps/teleport_relative__type_support.cpp.o[0m
[5.791s] [ 69%] Built target turtlesim__rosidl_typesupport_fastrtps_c
[5.803s] [ 70%] [34m[1mGenerating include/turtlesim/moc_turtle_frame.cpp[0m
[5.882s] [ 71%] [32mBuilding CXX object CMakeFiles/turtlesim_node.dir/src/turtlesim.cpp.o[0m
[5.888s] [ 72%] [32mBuilding CXX object CMakeFiles/turtlesim_node.dir/src/turtle.cpp.o[0m
[5.896s] [ 73%] [32mBuilding CXX object CMakeFiles/turtle_teleop_key.dir/tutorials/teleop_turtle_key.cpp.o[0m
[6.022s] [ 74%] [32mBuilding CXX object CMakeFiles/turtlesim_node.dir/src/turtle_frame.cpp.o[0m
[6.105s] [ 75%] [32mBuilding CXX object CMakeFiles/turtlesim_node.dir/include/turtlesim/moc_turtle_frame.cpp.o[0m
[6.145s] [ 76%] [32m[1mLinking CXX shared library libturtlesim__rosidl_typesupport_introspection_cpp.so[0m
[6.236s] [ 77%] [32m[1mLinking CXX shared library libturtlesim__rosidl_typesupport_fastrtps_cpp.so[0m
[6.240s] [ 78%] [32mBuilding CXX object CMakeFiles/draw_square.dir/tutorials/draw_square.cpp.o[0m
[6.250s] [ 78%] Built target turtlesim__rosidl_typesupport_introspection_cpp
[6.277s] [ 79%] [32mBuilding CXX object CMakeFiles/mimic.dir/tutorials/mimic.cpp.o[0m
[6.343s] [ 79%] Built target turtlesim__rosidl_typesupport_fastrtps_cpp
[6.365s] [ 79%] Built target turtlesim
[6.421s] [ 80%] [34m[1mGenerating Python code for ROS interfaces[0m
[9.066s] [ 80%] Built target turtlesim__py
[9.092s] [ 81%] [32mBuilding C object CMakeFiles/turtlesim__rosidl_generator_py.dir/rosidl_generator_py/turtlesim/action/_rotate_absolute_s.c.o[0m
[9.270s] [ 82%] [32mBuilding C object CMakeFiles/turtlesim__rosidl_generator_py.dir/rosidl_generator_py/turtlesim/msg/_color_s.c.o[0m
[9.399s] [ 83%] [32mBuilding C object CMakeFiles/turtlesim__rosidl_generator_py.dir/rosidl_generator_py/turtlesim/msg/_pose_s.c.o[0m
[9.529s] [ 84%] [32mBuilding C object CMakeFiles/turtlesim__rosidl_generator_py.dir/rosidl_generator_py/turtlesim/srv/_kill_s.c.o[0m
[9.660s] [ 85%] [32mBuilding C object CMakeFiles/turtlesim__rosidl_generator_py.dir/rosidl_generator_py/turtlesim/srv/_set_pen_s.c.o[0m
[9.792s] [ 86%] [32mBuilding C object CMakeFiles/turtlesim__rosidl_generator_py.dir/rosidl_generator_py/turtlesim/srv/_spawn_s.c.o[0m
[9.927s] [ 87%] [32mBuilding C object CMakeFiles/turtlesim__rosidl_generator_py.dir/rosidl_generator_py/turtlesim/srv/_teleport_absolute_s.c.o[0m
[10.060s] [ 88%] [32mBuilding C object CMakeFiles/turtlesim__rosidl_generator_py.dir/rosidl_generator_py/turtlesim/srv/_teleport_relative_s.c.o[0m
[10.195s] [ 89%] [32m[1mLinking C shared library rosidl_generator_py/turtlesim/libturtlesim__rosidl_generator_py.so[0m
[10.246s] [ 89%] Built target turtlesim__rosidl_generator_py
[10.271s] [ 90%] [32mBuilding C object CMakeFiles/turtlesim__rosidl_typesupport_fastrtps_c__pyext.dir/rosidl_generator_py/turtlesim/_turtlesim_s.ep.rosidl_typesupport_fastrtps_c.c.o[0m
[10.466s] [ 91%] [32m[1mLinking C shared library rosidl_generator_py/turtlesim/turtlesim_s__rosidl_typesupport_fastrtps_c.cpython-310-x86_64-linux-gnu.so[0m
[10.513s] [ 91%] Built target turtlesim__rosidl_typesupport_fastrtps_c__pyext
[10.537s] [ 92%] [32mBuilding C object CMakeFiles/turtlesim__rosidl_typesupport_introspection_c__pyext.dir/rosidl_generator_py/turtlesim/_turtlesim_s.ep.rosidl_typesupport_introspection_c.c.o[0m
[10.760s] [ 93%] [32m[1mLinking C shared library rosidl_generator_py/turtlesim/turtlesim_s__rosidl_typesupport_introspection_c.cpython-310-x86_64-linux-gnu.so[0m
[10.807s] [ 93%] Built target turtlesim__rosidl_typesupport_introspection_c__pyext
[10.846s] [ 94%] [32mBuilding C object CMakeFiles/turtlesim__rosidl_typesupport_c__pyext.dir/rosidl_generator_py/turtlesim/_turtlesim_s.ep.rosidl_typesupport_c.c.o[0m
[11.063s] [ 95%] [32m[1mLinking C shared library rosidl_generator_py/turtlesim/turtlesim_s__rosidl_typesupport_c.cpython-310-x86_64-linux-gnu.so[0m
[11.112s] [ 95%] Built target turtlesim__rosidl_typesupport_c__pyext
[13.182s] [ 96%] [32m[1mLinking CXX executable turtle_teleop_key[0m
[13.656s] [ 96%] Built target turtle_teleop_key
[16.276s] [ 97%] [32m[1mLinking CXX executable mimic[0m
[16.695s] [ 97%] Built target mimic
[16.996s] [ 98%] [32m[1mLinking CXX executable draw_square[0m
[17.662s] [ 98%] Built target draw_square
[19.644s] [100%] [32m[1mLinking CXX executable turtlesim_node[0m
[21.727s] [100%] Built target turtlesim_node
[21.752s] Invoked command in '/home/gustavo/prova1-m6-ec/meu_workspace/build/turtlesim' returned '0': CMAKE_PREFIX_PATH=/opt/ros/humble /usr/bin/cmake --build /home/gustavo/prova1-m6-ec/meu_workspace/build/turtlesim -- -j8 -l8
[21.904s] Invoking command in '/home/gustavo/prova1-m6-ec/meu_workspace/build/turtlesim': CMAKE_PREFIX_PATH=/opt/ros/humble /usr/bin/cmake --install /home/gustavo/prova1-m6-ec/meu_workspace/build/turtlesim
[21.909s] -- Install configuration: ""
[21.909s] -- Installing: /home/gustavo/prova1-m6-ec/meu_workspace/install/turtlesim/share/ament_index/resource_index/rosidl_interfaces/turtlesim
[21.909s] -- Installing: /home/gustavo/prova1-m6-ec/meu_workspace/install/turtlesim/include/turtlesim/turtlesim
[21.910s] -- Installing: /home/gustavo/prova1-m6-ec/meu_workspace/install/turtlesim/include/turtlesim/turtlesim/srv
[21.910s] -- Installing: /home/gustavo/prova1-m6-ec/meu_workspace/install/turtlesim/include/turtlesim/turtlesim/srv/set_pen.h
[21.910s] -- Installing: /home/gustavo/prova1-m6-ec/meu_workspace/install/turtlesim/include/turtlesim/turtlesim/srv/teleport_absolute.h
[21.910s] -- Installing: /home/gustavo/prova1-m6-ec/meu_workspace/install/turtlesim/include/turtlesim/turtlesim/srv/kill.h
[21.910s] -- Installing: /home/gustavo/prova1-m6-ec/meu_workspace/install/turtlesim/include/turtlesim/turtlesim/srv/detail
[21.910s] -- Installing: /home/gustavo/prova1-m6-ec/meu_workspace/install/turtlesim/include/turtlesim/turtlesim/srv/detail/kill__type_support.h
[21.910s] -- Installing: /home/gustavo/prova1-m6-ec/meu_workspace/install/turtlesim/include/turtlesim/turtlesim/srv/detail/set_pen__functions.c
[21.910s] -- Installing: /home/gustavo/prova1-m6-ec/meu_workspace/install/turtlesim/include/turtlesim/turtlesim/srv/detail/set_pen__struct.h
[21.910s] -- Installing: /home/gustavo/prova1-m6-ec/meu_workspace/install/turtlesim/include/turtlesim/turtlesim/srv/detail/teleport_relative__type_support.h
[21.910s] -- Installing: /home/gustavo/prova1-m6-ec/meu_workspace/install/turtlesim/include/turtlesim/turtlesim/srv/detail/set_pen__type_support.h
[21.910s] -- Installing: /home/gustavo/prova1-m6-ec/meu_workspace/install/turtlesim/include/turtlesim/turtlesim/srv/detail/teleport_relative__struct.h
[21.910s] -- Installing: /home/gustavo/prova1-m6-ec/meu_workspace/install/turtlesim/include/turtlesim/turtlesim/srv/detail/teleport_relative__functions.c
[21.910s] -- Installing: /home/gustavo/prova1-m6-ec/meu_workspace/install/turtlesim/include/turtlesim/turtlesim/srv/detail/teleport_absolute__type_support.h
[21.910s] -- Installing: /home/gustavo/prova1-m6-ec/meu_workspace/install/turtlesim/include/turtlesim/turtlesim/srv/detail/spawn__functions.c
[21.910s] -- Installing: /home/gustavo/prova1-m6-ec/meu_workspace/install/turtlesim/include/turtlesim/turtlesim/srv/detail/teleport_absolute__functions.c
[21.911s] -- Installing: /home/gustavo/prova1-m6-ec/meu_workspace/install/turtlesim/include/turtlesim/turtlesim/srv/detail/teleport_absolute__struct.h
[21.911s] -- Installing: /home/gustavo/prova1-m6-ec/meu_workspace/install/turtlesim/include/turtlesim/turtlesim/srv/detail/spawn__functions.h
[21.911s] -- Installing: /home/gustavo/prova1-m6-ec/meu_workspace/install/turtlesim/include/turtlesim/turtlesim/srv/detail/spawn__struct.h
[21.911s] -- Installing: /home/gustavo/prova1-m6-ec/meu_workspace/install/turtlesim/include/turtlesim/turtlesim/srv/detail/teleport_relative__functions.h
[21.911s] -- Installing: /home/gustavo/prova1-m6-ec/meu_workspace/install/turtlesim/include/turtlesim/turtlesim/srv/detail/kill__struct.h
[21.911s] -- Installing: /home/gustavo/prova1-m6-ec/meu_workspace/install/turtlesim/include/turtlesim/turtlesim/srv/detail/set_pen__functions.h
[21.911s] -- Installing: /home/gustavo/prova1-m6-ec/meu_workspace/install/turtlesim/include/turtlesim/turtlesim/srv/detail/spawn__type_support.h
[21.911s] -- Installing: /home/gustavo/prova1-m6-ec/meu_workspace/install/turtlesim/include/turtlesim/turtlesim/srv/detail/teleport_absolute__functions.h
[21.911s] -- Installing: /home/gustavo/prova1-m6-ec/meu_workspace/install/turtlesim/include/turtlesim/turtlesim/srv/detail/kill__functions.c
[21.911s] -- Installing: /home/gustavo/prova1-m6-ec/meu_workspace/install/turtlesim/include/turtlesim/turtlesim/srv/detail/kill__functions.h
[21.911s] -- Installing: /home/gustavo/prova1-m6-ec/meu_workspace/install/turtlesim/include/turtlesim/turtlesim/srv/spawn.h
[21.911s] -- Installing: /home/gustavo/prova1-m6-ec/meu_workspace/install/turtlesim/include/turtlesim/turtlesim/srv/teleport_relative.h
[21.911s] -- Installing: /home/gustavo/prova1-m6-ec/meu_workspace/install/turtlesim/include/turtlesim/turtlesim/action
[21.911s] -- Installing: /home/gustavo/prova1-m6-ec/meu_workspace/install/turtlesim/include/turtlesim/turtlesim/action/rotate_absolute.h
[21.911s] -- Installing: /home/gustavo/prova1-m6-ec/meu_workspace/install/turtlesim/include/turtlesim/turtlesim/action/detail
[21.911s] -- Installing: /home/gustavo/prova1-m6-ec/meu_workspace/install/turtlesim/include/turtlesim/turtlesim/action/detail/rotate_absolute__struct.h
[21.911s] -- Installing: /home/gustavo/prova1-m6-ec/meu_workspace/install/turtlesim/include/turtlesim/turtlesim/action/detail/rotate_absolute__type_support.h
[21.911s] -- Installing: /home/gustavo/prova1-m6-ec/meu_workspace/install/turtlesim/include/turtlesim/turtlesim/action/detail/rotate_absolute__functions.c
[21.912s] -- Installing: /home/gustavo/prova1-m6-ec/meu_workspace/install/turtlesim/include/turtlesim/turtlesim/action/detail/rotate_absolute__functions.h
[21.912s] -- Installing: /home/gustavo/prova1-m6-ec/meu_workspace/install/turtlesim/include/turtlesim/turtlesim/msg
[21.912s] -- Installing: /home/gustavo/prova1-m6-ec/meu_workspace/install/turtlesim/include/turtlesim/turtlesim/msg/color.h
[21.912s] -- Installing: /home/gustavo/prova1-m6-ec/meu_workspace/install/turtlesim/include/turtlesim/turtlesim/msg/detail
[21.912s] -- Installing: /home/gustavo/prova1-m6-ec/meu_workspace/install/turtlesim/include/turtlesim/turtlesim/msg/detail/color__type_support.h
[21.912s] -- Installing: /home/gustavo/prova1-m6-ec/meu_workspace/install/turtlesim/include/turtlesim/turtlesim/msg/detail/pose__struct.h
[21.912s] -- Installing: /home/gustavo/prova1-m6-ec/meu_workspace/install/turtlesim/include/turtlesim/turtlesim/msg/detail/pose__type_support.h
[21.912s] -- Installing: /home/gustavo/prova1-m6-ec/meu_workspace/install/turtlesim/include/turtlesim/turtlesim/msg/detail/pose__functions.h
[21.912s] -- Installing: /home/gustavo/prova1-m6-ec/meu_workspace/install/turtlesim/include/turtlesim/turtlesim/msg/detail/color__struct.h
[21.912s] -- Installing: /home/gustavo/prova1-m6-ec/meu_workspace/install/turtlesim/include/turtlesim/turtlesim/msg/detail/color__functions.h
[21.912s] -- Installing: /home/gustavo/prova1-m6-ec/meu_workspace/install/turtlesim/include/turtlesim/turtlesim/msg/detail/color__functions.c
[21.912s] -- Installing: /home/gustavo/prova1-m6-ec/meu_workspace/install/turtlesim/include/turtlesim/turtlesim/msg/detail/pose__functions.c
[21.912s] -- Installing: /home/gustavo/prova1-m6-ec/meu_workspace/install/turtlesim/include/turtlesim/turtlesim/msg/rosidl_generator_c__visibility_control.h
[21.912s] -- Installing: /home/gustavo/prova1-m6-ec/meu_workspace/install/turtlesim/include/turtlesim/turtlesim/msg/pose.h
[21.912s] -- Installing: /home/gustavo/prova1-m6-ec/meu_workspace/install/turtlesim/share/turtlesim/environment/library_path.sh
[21.912s] -- Installing: /home/gustavo/prova1-m6-ec/meu_workspace/install/turtlesim/share/turtlesim/environment/library_path.dsv
[21.913s] -- Installing: /home/gustavo/prova1-m6-ec/meu_workspace/install/turtlesim/lib/libturtlesim__rosidl_generator_c.so
[21.913s] -- Set runtime path of "/home/gustavo/prova1-m6-ec/meu_workspace/install/turtlesim/lib/libturtlesim__rosidl_generator_c.so" to ""
[21.913s] -- Up-to-date: /home/gustavo/prova1-m6-ec/meu_workspace/install/turtlesim/include/turtlesim/turtlesim
[21.913s] -- Up-to-date: /home/gustavo/prova1-m6-ec/meu_workspace/install/turtlesim/include/turtlesim/turtlesim/srv
[21.913s] -- Up-to-date: /home/gustavo/prova1-m6-ec/meu_workspace/install/turtlesim/include/turtlesim/turtlesim/srv/detail
[21.913s] -- Installing: /home/gustavo/prova1-m6-ec/meu_workspace/install/turtlesim/include/turtlesim/turtlesim/srv/detail/teleport_absolute__rosidl_typesupport_fastrtps_c.h
[21.913s] -- Installing: /home/gustavo/prova1-m6-ec/meu_workspace/install/turtlesim/include/turtlesim/turtlesim/srv/detail/set_pen__rosidl_typesupport_fastrtps_c.h
[21.913s] -- Installing: /home/gustavo/prova1-m6-ec/meu_workspace/install/turtlesim/include/turtlesim/turtlesim/srv/detail/teleport_relative__rosidl_typesupport_fastrtps_c.h
[21.913s] -- Installing: /home/gustavo/prova1-m6-ec/meu_workspace/install/turtlesim/include/turtlesim/turtlesim/srv/detail/spawn__rosidl_typesupport_fastrtps_c.h
[21.913s] -- Installing: /home/gustavo/prova1-m6-ec/meu_workspace/install/turtlesim/include/turtlesim/turtlesim/srv/detail/kill__rosidl_typesupport_fastrtps_c.h
[21.913s] -- Up-to-date: /home/gustavo/prova1-m6-ec/meu_workspace/install/turtlesim/include/turtlesim/turtlesim/action
[21.914s] -- Up-to-date: /home/gustavo/prova1-m6-ec/meu_workspace/install/turtlesim/include/turtlesim/turtlesim/action/detail
[21.914s] -- Installing: /home/gustavo/prova1-m6-ec/meu_workspace/install/turtlesim/include/turtlesim/turtlesim/action/detail/rotate_absolute__rosidl_typesupport_fastrtps_c.h
[21.914s] -- Up-to-date: /home/gustavo/prova1-m6-ec/meu_workspace/install/turtlesim/include/turtlesim/turtlesim/msg
[21.914s] -- Installing: /home/gustavo/prova1-m6-ec/meu_workspace/install/turtlesim/include/turtlesim/turtlesim/msg/rosidl_typesupport_fastrtps_c__visibility_control.h
[21.914s] -- Up-to-date: /home/gustavo/prova1-m6-ec/meu_workspace/install/turtlesim/include/turtlesim/turtlesim/msg/detail
[21.914s] -- Installing: /home/gustavo/prova1-m6-ec/meu_workspace/install/turtlesim/include/turtlesim/turtlesim/msg/detail/pose__rosidl_typesupport_fastrtps_c.h
[21.914s] -- Installing: /home/gustavo/prova1-m6-ec/meu_workspace/install/turtlesim/include/turtlesim/turtlesim/msg/detail/color__rosidl_typesupport_fastrtps_c.h
[21.914s] -- Installing: /home/gustavo/prova1-m6-ec/meu_workspace/install/turtlesim/lib/libturtlesim__rosidl_typesupport_fastrtps_c.so
[21.914s] -- Set runtime path of "/home/gustavo/prova1-m6-ec/meu_workspace/install/turtlesim/lib/libturtlesim__rosidl_typesupport_fastrtps_c.so" to ""
[21.914s] -- Up-to-date: /home/gustavo/prova1-m6-ec/meu_workspace/install/turtlesim/include/turtlesim/turtlesim
[21.914s] -- Up-to-date: /home/gustavo/prova1-m6-ec/meu_workspace/install/turtlesim/include/turtlesim/turtlesim/srv
[21.914s] -- Installing: /home/gustavo/prova1-m6-ec/meu_workspace/install/turtlesim/include/turtlesim/turtlesim/srv/kill.hpp
[21.914s] -- Installing: /home/gustavo/prova1-m6-ec/meu_workspace/install/turtlesim/include/turtlesim/turtlesim/srv/teleport_relative.hpp
[21.914s] -- Up-to-date: /home/gustavo/prova1-m6-ec/meu_workspace/install/turtlesim/include/turtlesim/turtlesim/srv/detail
[21.914s] -- Installing: /home/gustavo/prova1-m6-ec/meu_workspace/install/turtlesim/include/turtlesim/turtlesim/srv/detail/set_pen__struct.hpp
[21.914s] -- Installing: /home/gustavo/prova1-m6-ec/meu_workspace/install/turtlesim/include/turtlesim/turtlesim/srv/detail/teleport_relative__struct.hpp
[21.914s] -- Installing: /home/gustavo/prova1-m6-ec/meu_workspace/install/turtlesim/include/turtlesim/turtlesim/srv/detail/spawn__builder.hpp
[21.914s] -- Installing: /home/gustavo/prova1-m6-ec/meu_workspace/install/turtlesim/include/turtlesim/turtlesim/srv/detail/kill__struct.hpp
[21.914s] -- Installing: /home/gustavo/prova1-m6-ec/meu_workspace/install/turtlesim/include/turtlesim/turtlesim/srv/detail/teleport_absolute__builder.hpp
[21.914s] -- Installing: /home/gustavo/prova1-m6-ec/meu_workspace/install/turtlesim/include/turtlesim/turtlesim/srv/detail/teleport_absolute__traits.hpp
[21.914s] -- Installing: /home/gustavo/prova1-m6-ec/meu_workspace/install/turtlesim/include/turtlesim/turtlesim/srv/detail/kill__builder.hpp
[21.914s] -- Installing: /home/gustavo/prova1-m6-ec/meu_workspace/install/turtlesim/include/turtlesim/turtlesim/srv/detail/set_pen__traits.hpp
[21.915s] -- Installing: /home/gustavo/prova1-m6-ec/meu_workspace/install/turtlesim/include/turtlesim/turtlesim/srv/detail/teleport_relative__traits.hpp
[21.915s] -- Installing: /home/gustavo/prova1-m6-ec/meu_workspace/install/turtlesim/include/turtlesim/turtlesim/srv/detail/teleport_absolute__struct.hpp
[21.915s] -- Installing: /home/gustavo/prova1-m6-ec/meu_workspace/install/turtlesim/include/turtlesim/turtlesim/srv/detail/spawn__traits.hpp
[21.915s] -- Installing: /home/gustavo/prova1-m6-ec/meu_workspace/install/turtlesim/include/turtlesim/turtlesim/srv/detail/spawn__struct.hpp
[21.915s] -- Installing: /home/gustavo/prova1-m6-ec/meu_workspace/install/turtlesim/include/turtlesim/turtlesim/srv/detail/kill__traits.hpp
[21.915s] -- Installing: /home/gustavo/prova1-m6-ec/meu_workspace/install/turtlesim/include/turtlesim/turtlesim/srv/detail/set_pen__builder.hpp
[21.915s] -- Installing: /home/gustavo/prova1-m6-ec/meu_workspace/install/turtlesim/include/turtlesim/turtlesim/srv/detail/teleport_relative__builder.hpp
[21.915s] -- Installing: /home/gustavo/prova1-m6-ec/meu_workspace/install/turtlesim/include/turtlesim/turtlesim/srv/teleport_absolute.hpp
[21.915s] -- Installing: /home/gustavo/prova1-m6-ec/meu_workspace/install/turtlesim/include/turtlesim/turtlesim/srv/spawn.hpp
[21.915s] -- Installing: /home/gustavo/prova1-m6-ec/meu_workspace/install/turtlesim/include/turtlesim/turtlesim/srv/set_pen.hpp
[21.915s] -- Up-to-date: /home/gustavo/prova1-m6-ec/meu_workspace/install/turtlesim/include/turtlesim/turtlesim/action
[21.915s] -- Installing: /home/gustavo/prova1-m6-ec/meu_workspace/install/turtlesim/include/turtlesim/turtlesim/action/rotate_absolute.hpp
[21.915s] -- Up-to-date: /home/gustavo/prova1-m6-ec/meu_workspace/install/turtlesim/include/turtlesim/turtlesim/action/detail
[21.915s] -- Installing: /home/gustavo/prova1-m6-ec/meu_workspace/install/turtlesim/include/turtlesim/turtlesim/action/detail/rotate_absolute__traits.hpp
[21.915s] -- Installing: /home/gustavo/prova1-m6-ec/meu_workspace/install/turtlesim/include/turtlesim/turtlesim/action/detail/rotate_absolute__builder.hpp
[21.915s] -- Installing: /home/gustavo/prova1-m6-ec/meu_workspace/install/turtlesim/include/turtlesim/turtlesim/action/detail/rotate_absolute__struct.hpp
[21.915s] -- Up-to-date: /home/gustavo/prova1-m6-ec/meu_workspace/install/turtlesim/include/turtlesim/turtlesim/msg
[21.915s] -- Installing: /home/gustavo/prova1-m6-ec/meu_workspace/install/turtlesim/include/turtlesim/turtlesim/msg/color.hpp
[21.915s] -- Installing: /home/gustavo/prova1-m6-ec/meu_workspace/install/turtlesim/include/turtlesim/turtlesim/msg/pose.hpp
[21.915s] -- Up-to-date: /home/gustavo/prova1-m6-ec/meu_workspace/install/turtlesim/include/turtlesim/turtlesim/msg/detail
[21.915s] -- Installing: /home/gustavo/prova1-m6-ec/meu_workspace/install/turtlesim/include/turtlesim/turtlesim/msg/detail/color__builder.hpp
[21.915s] -- Installing: /home/gustavo/prova1-m6-ec/meu_workspace/install/turtlesim/include/turtlesim/turtlesim/msg/detail/pose__traits.hpp
[21.915s] -- Installing: /home/gustavo/prova1-m6-ec/meu_workspace/install/turtlesim/include/turtlesim/turtlesim/msg/detail/pose__builder.hpp
[21.916s] -- Installing: /home/gustavo/prova1-m6-ec/meu_workspace/install/turtlesim/include/turtlesim/turtlesim/msg/detail/pose__struct.hpp
[21.916s] -- Installing: /home/gustavo/prova1-m6-ec/meu_workspace/install/turtlesim/include/turtlesim/turtlesim/msg/detail/color__struct.hpp
[21.916s] -- Installing: /home/gustavo/prova1-m6-ec/meu_workspace/install/turtlesim/include/turtlesim/turtlesim/msg/detail/color__traits.hpp
[21.916s] -- Up-to-date: /home/gustavo/prova1-m6-ec/meu_workspace/install/turtlesim/include/turtlesim/turtlesim
[21.916s] -- Up-to-date: /home/gustavo/prova1-m6-ec/meu_workspace/install/turtlesim/include/turtlesim/turtlesim/srv
[21.916s] -- Up-to-date: /home/gustavo/prova1-m6-ec/meu_workspace/install/turtlesim/include/turtlesim/turtlesim/srv/detail
[21.916s] -- Installing: /home/gustavo/prova1-m6-ec/meu_workspace/install/turtlesim/include/turtlesim/turtlesim/srv/detail/dds_fastrtps
[21.916s] -- Installing: /home/gustavo/prova1-m6-ec/meu_workspace/install/turtlesim/include/turtlesim/turtlesim/srv/detail/kill__rosidl_typesupport_fastrtps_cpp.hpp
[21.916s] -- Installing: /home/gustavo/prova1-m6-ec/meu_workspace/install/turtlesim/include/turtlesim/turtlesim/srv/detail/teleport_relative__rosidl_typesupport_fastrtps_cpp.hpp
[21.916s] -- Installing: /home/gustavo/prova1-m6-ec/meu_workspace/install/turtlesim/include/turtlesim/turtlesim/srv/detail/teleport_absolute__rosidl_typesupport_fastrtps_cpp.hpp
[21.916s] -- Installing: /home/gustavo/prova1-m6-ec/meu_workspace/install/turtlesim/include/turtlesim/turtlesim/srv/detail/set_pen__rosidl_typesupport_fastrtps_cpp.hpp
[21.916s] -- Installing: /home/gustavo/prova1-m6-ec/meu_workspace/install/turtlesim/include/turtlesim/turtlesim/srv/detail/spawn__rosidl_typesupport_fastrtps_cpp.hpp
[21.916s] -- Up-to-date: /home/gustavo/prova1-m6-ec/meu_workspace/install/turtlesim/include/turtlesim/turtlesim/action
[21.916s] -- Up-to-date: /home/gustavo/prova1-m6-ec/meu_workspace/install/turtlesim/include/turtlesim/turtlesim/action/detail
[21.916s] -- Installing: /home/gustavo/prova1-m6-ec/meu_workspace/install/turtlesim/include/turtlesim/turtlesim/action/detail/dds_fastrtps
[21.916s] -- Installing: /home/gustavo/prova1-m6-ec/meu_workspace/install/turtlesim/include/turtlesim/turtlesim/action/detail/rotate_absolute__rosidl_typesupport_fastrtps_cpp.hpp
[21.916s] -- Up-to-date: /home/gustavo/prova1-m6-ec/meu_workspace/install/turtlesim/include/turtlesim/turtlesim/msg
[21.916s] -- Up-to-date: /home/gustavo/prova1-m6-ec/meu_workspace/install/turtlesim/include/turtlesim/turtlesim/msg/detail
[21.917s] -- Installing: /home/gustavo/prova1-m6-ec/meu_workspace/install/turtlesim/include/turtlesim/turtlesim/msg/detail/dds_fastrtps
[21.917s] -- Installing: /home/gustavo/prova1-m6-ec/meu_workspace/install/turtlesim/include/turtlesim/turtlesim/msg/detail/pose__rosidl_typesupport_fastrtps_cpp.hpp
[21.917s] -- Installing: /home/gustavo/prova1-m6-ec/meu_workspace/install/turtlesim/include/turtlesim/turtlesim/msg/detail/color__rosidl_typesupport_fastrtps_cpp.hpp
[21.917s] -- Installing: /home/gustavo/prova1-m6-ec/meu_workspace/install/turtlesim/include/turtlesim/turtlesim/msg/rosidl_typesupport_fastrtps_cpp__visibility_control.h
[21.917s] -- Installing: /home/gustavo/prova1-m6-ec/meu_workspace/install/turtlesim/lib/libturtlesim__rosidl_typesupport_fastrtps_cpp.so
[21.917s] -- Set runtime path of "/home/gustavo/prova1-m6-ec/meu_workspace/install/turtlesim/lib/libturtlesim__rosidl_typesupport_fastrtps_cpp.so" to ""
[21.917s] -- Up-to-date: /home/gustavo/prova1-m6-ec/meu_workspace/install/turtlesim/include/turtlesim/turtlesim
[21.917s] -- Up-to-date: /home/gustavo/prova1-m6-ec/meu_workspace/install/turtlesim/include/turtlesim/turtlesim/srv
[21.917s] -- Up-to-date: /home/gustavo/prova1-m6-ec/meu_workspace/install/turtlesim/include/turtlesim/turtlesim/srv/detail
[21.917s] -- Installing: /home/gustavo/prova1-m6-ec/meu_workspace/install/turtlesim/include/turtlesim/turtlesim/srv/detail/set_pen__type_support.c
[21.917s] -- Installing: /home/gustavo/prova1-m6-ec/meu_workspace/install/turtlesim/include/turtlesim/turtlesim/srv/detail/teleport_absolute__rosidl_typesupport_introspection_c.h
[21.917s] -- Installing: /home/gustavo/prova1-m6-ec/meu_workspace/install/turtlesim/include/turtlesim/turtlesim/srv/detail/kill__type_support.c
[21.917s] -- Installing: /home/gustavo/prova1-m6-ec/meu_workspace/install/turtlesim/include/turtlesim/turtlesim/srv/detail/teleport_relative__type_support.c
[21.917s] -- Installing: /home/gustavo/prova1-m6-ec/meu_workspace/install/turtlesim/include/turtlesim/turtlesim/srv/detail/set_pen__rosidl_typesupport_introspection_c.h
[21.917s] -- Installing: /home/gustavo/prova1-m6-ec/meu_workspace/install/turtlesim/include/turtlesim/turtlesim/srv/detail/spawn__type_support.c
[21.917s] -- Installing: /home/gustavo/prova1-m6-ec/meu_workspace/install/turtlesim/include/turtlesim/turtlesim/srv/detail/teleport_relative__rosidl_typesupport_introspection_c.h
[21.918s] -- Installing: /home/gustavo/prova1-m6-ec/meu_workspace/install/turtlesim/include/turtlesim/turtlesim/srv/detail/teleport_absolute__type_support.c
[21.918s] -- Installing: /home/gustavo/prova1-m6-ec/meu_workspace/install/turtlesim/include/turtlesim/turtlesim/srv/detail/spawn__rosidl_typesupport_introspection_c.h
[21.918s] -- Installing: /home/gustavo/prova1-m6-ec/meu_workspace/install/turtlesim/include/turtlesim/turtlesim/srv/detail/kill__rosidl_typesupport_introspection_c.h
[21.918s] -- Up-to-date: /home/gustavo/prova1-m6-ec/meu_workspace/install/turtlesim/include/turtlesim/turtlesim/action
[21.918s] -- Up-to-date: /home/gustavo/prova1-m6-ec/meu_workspace/install/turtlesim/include/turtlesim/turtlesim/action/detail
[21.918s] -- Installing: /home/gustavo/prova1-m6-ec/meu_workspace/install/turtlesim/include/turtlesim/turtlesim/action/detail/rotate_absolute__type_support.c
[21.918s] -- Installing: /home/gustavo/prova1-m6-ec/meu_workspace/install/turtlesim/include/turtlesim/turtlesim/action/detail/rotate_absolute__rosidl_typesupport_introspection_c.h
[21.918s] -- Up-to-date: /home/gustavo/prova1-m6-ec/meu_workspace/install/turtlesim/include/turtlesim/turtlesim/msg
[21.918s] -- Installing: /home/gustavo/prova1-m6-ec/meu_workspace/install/turtlesim/include/turtlesim/turtlesim/msg/rosidl_typesupport_introspection_c__visibility_control.h
[21.918s] -- Up-to-date: /home/gustavo/prova1-m6-ec/meu_workspace/install/turtlesim/include/turtlesim/turtlesim/msg/detail
[21.918s] -- Installing: /home/gustavo/prova1-m6-ec/meu_workspace/install/turtlesim/include/turtlesim/turtlesim/msg/detail/color__type_support.c
[21.918s] -- Installing: /home/gustavo/prova1-m6-ec/meu_workspace/install/turtlesim/include/turtlesim/turtlesim/msg/detail/pose__rosidl_typesupport_introspection_c.h
[21.918s] -- Installing: /home/gustavo/prova1-m6-ec/meu_workspace/install/turtlesim/include/turtlesim/turtlesim/msg/detail/pose__type_support.c
[21.918s] -- Installing: /home/gustavo/prova1-m6-ec/meu_workspace/install/turtlesim/include/turtlesim/turtlesim/msg/detail/color__rosidl_typesupport_introspection_c.h
[21.918s] -- Installing: /home/gustavo/prova1-m6-ec/meu_workspace/install/turtlesim/lib/libturtlesim__rosidl_typesupport_introspection_c.so
[21.918s] -- Set runtime path of "/home/gustavo/prova1-m6-ec/meu_workspace/install/turtlesim/lib/libturtlesim__rosidl_typesupport_introspection_c.so" to ""
[21.918s] -- Installing: /home/gustavo/prova1-m6-ec/meu_workspace/install/turtlesim/lib/libturtlesim__rosidl_typesupport_c.so
[21.919s] -- Set runtime path of "/home/gustavo/prova1-m6-ec/meu_workspace/install/turtlesim/lib/libturtlesim__rosidl_typesupport_c.so" to ""
[21.919s] -- Up-to-date: /home/gustavo/prova1-m6-ec/meu_workspace/install/turtlesim/include/turtlesim/turtlesim
[21.919s] -- Up-to-date: /home/gustavo/prova1-m6-ec/meu_workspace/install/turtlesim/include/turtlesim/turtlesim/srv
[21.919s] -- Up-to-date: /home/gustavo/prova1-m6-ec/meu_workspace/install/turtlesim/include/turtlesim/turtlesim/srv/detail
[21.919s] -- Installing: /home/gustavo/prova1-m6-ec/meu_workspace/install/turtlesim/include/turtlesim/turtlesim/srv/detail/set_pen__type_support.cpp
[21.919s] -- Installing: /home/gustavo/prova1-m6-ec/meu_workspace/install/turtlesim/include/turtlesim/turtlesim/srv/detail/set_pen__rosidl_typesupport_introspection_cpp.hpp
[21.919s] -- Installing: /home/gustavo/prova1-m6-ec/meu_workspace/install/turtlesim/include/turtlesim/turtlesim/srv/detail/spawn__rosidl_typesupport_introspection_cpp.hpp
[21.919s] -- Installing: /home/gustavo/prova1-m6-ec/meu_workspace/install/turtlesim/include/turtlesim/turtlesim/srv/detail/kill__type_support.cpp
[21.919s] -- Installing: /home/gustavo/prova1-m6-ec/meu_workspace/install/turtlesim/include/turtlesim/turtlesim/srv/detail/spawn__type_support.cpp
[21.919s] -- Installing: /home/gustavo/prova1-m6-ec/meu_workspace/install/turtlesim/include/turtlesim/turtlesim/srv/detail/teleport_relative__type_support.cpp
[21.919s] -- Installing: /home/gustavo/prova1-m6-ec/meu_workspace/install/turtlesim/include/turtlesim/turtlesim/srv/detail/teleport_absolute__type_support.cpp
[21.919s] -- Installing: /home/gustavo/prova1-m6-ec/meu_workspace/install/turtlesim/include/turtlesim/turtlesim/srv/detail/teleport_relative__rosidl_typesupport_introspection_cpp.hpp
[21.919s] -- Installing: /home/gustavo/prova1-m6-ec/meu_workspace/install/turtlesim/include/turtlesim/turtlesim/srv/detail/teleport_absolute__rosidl_typesupport_introspection_cpp.hpp
[21.920s] -- Installing: /home/gustavo/prova1-m6-ec/meu_workspace/install/turtlesim/include/turtlesim/turtlesim/srv/detail/kill__rosidl_typesupport_introspection_cpp.hpp
[21.920s] -- Up-to-date: /home/gustavo/prova1-m6-ec/meu_workspace/install/turtlesim/include/turtlesim/turtlesim/action
[21.920s] -- Up-to-date: /home/gustavo/prova1-m6-ec/meu_workspace/install/turtlesim/include/turtlesim/turtlesim/action/detail
[21.920s] -- Installing: /home/gustavo/prova1-m6-ec/meu_workspace/install/turtlesim/include/turtlesim/turtlesim/action/detail/rotate_absolute__rosidl_typesupport_introspection_cpp.hpp
[21.920s] -- Installing: /home/gustavo/prova1-m6-ec/meu_workspace/install/turtlesim/include/turtlesim/turtlesim/action/detail/rotate_absolute__type_support.cpp
[21.920s] -- Up-to-date: /home/gustavo/prova1-m6-ec/meu_workspace/install/turtlesim/include/turtlesim/turtlesim/msg
[21.920s] -- Up-to-date: /home/gustavo/prova1-m6-ec/meu_workspace/install/turtlesim/include/turtlesim/turtlesim/msg/detail
[21.920s] -- Installing: /home/gustavo/prova1-m6-ec/meu_workspace/install/turtlesim/include/turtlesim/turtlesim/msg/detail/pose__rosidl_typesupport_introspection_cpp.hpp
[21.920s] -- Installing: /home/gustavo/prova1-m6-ec/meu_workspace/install/turtlesim/include/turtlesim/turtlesim/msg/detail/color__rosidl_typesupport_introspection_cpp.hpp
[21.920s] -- Installing: /home/gustavo/prova1-m6-ec/meu_workspace/install/turtlesim/include/turtlesim/turtlesim/msg/detail/color__type_support.cpp
[21.920s] -- Installing: /home/gustavo/prova1-m6-ec/meu_workspace/install/turtlesim/include/turtlesim/turtlesim/msg/detail/pose__type_support.cpp
[21.920s] -- Installing: /home/gustavo/prova1-m6-ec/meu_workspace/install/turtlesim/lib/libturtlesim__rosidl_typesupport_introspection_cpp.so
[21.920s] -- Set runtime path of "/home/gustavo/prova1-m6-ec/meu_workspace/install/turtlesim/lib/libturtlesim__rosidl_typesupport_introspection_cpp.so" to ""
[21.920s] -- Installing: /home/gustavo/prova1-m6-ec/meu_workspace/install/turtlesim/lib/libturtlesim__rosidl_typesupport_cpp.so
[21.920s] -- Set runtime path of "/home/gustavo/prova1-m6-ec/meu_workspace/install/turtlesim/lib/libturtlesim__rosidl_typesupport_cpp.so" to ""
[21.921s] -- Installing: /home/gustavo/prova1-m6-ec/meu_workspace/install/turtlesim/share/turtlesim/environment/pythonpath.sh
[21.921s] -- Installing: /home/gustavo/prova1-m6-ec/meu_workspace/install/turtlesim/share/turtlesim/environment/pythonpath.dsv
[21.921s] -- Installing: /home/gustavo/prova1-m6-ec/meu_workspace/install/turtlesim/local/lib/python3.10/dist-packages/turtlesim-1.4.2-py3.10.egg-info
[21.921s] -- Installing: /home/gustavo/prova1-m6-ec/meu_workspace/install/turtlesim/local/lib/python3.10/dist-packages/turtlesim-1.4.2-py3.10.egg-info/dependency_links.txt
[21.921s] -- Installing: /home/gustavo/prova1-m6-ec/meu_workspace/install/turtlesim/local/lib/python3.10/dist-packages/turtlesim-1.4.2-py3.10.egg-info/PKG-INFO
[21.921s] -- Installing: /home/gustavo/prova1-m6-ec/meu_workspace/install/turtlesim/local/lib/python3.10/dist-packages/turtlesim-1.4.2-py3.10.egg-info/SOURCES.txt
[21.921s] -- Installing: /home/gustavo/prova1-m6-ec/meu_workspace/install/turtlesim/local/lib/python3.10/dist-packages/turtlesim-1.4.2-py3.10.egg-info/top_level.txt
[21.921s] -- Installing: /home/gustavo/prova1-m6-ec/meu_workspace/install/turtlesim/local/lib/python3.10/dist-packages/turtlesim
[21.921s] -- Installing: /home/gustavo/prova1-m6-ec/meu_workspace/install/turtlesim/local/lib/python3.10/dist-packages/turtlesim/srv
[21.921s] -- Installing: /home/gustavo/prova1-m6-ec/meu_workspace/install/turtlesim/local/lib/python3.10/dist-packages/turtlesim/srv/_kill_s.c
[21.922s] -- Installing: /home/gustavo/prova1-m6-ec/meu_workspace/install/turtlesim/local/lib/python3.10/dist-packages/turtlesim/srv/_spawn.py
[21.922s] -- Installing: /home/gustavo/prova1-m6-ec/meu_workspace/install/turtlesim/local/lib/python3.10/dist-packages/turtlesim/srv/_teleport_absolute.py
[21.922s] -- Installing: /home/gustavo/prova1-m6-ec/meu_workspace/install/turtlesim/local/lib/python3.10/dist-packages/turtlesim/srv/__init__.py
[21.922s] -- Installing: /home/gustavo/prova1-m6-ec/meu_workspace/install/turtlesim/local/lib/python3.10/dist-packages/turtlesim/srv/_set_pen_s.c
[21.922s] -- Installing: /home/gustavo/prova1-m6-ec/meu_workspace/install/turtlesim/local/lib/python3.10/dist-packages/turtlesim/srv/_teleport_relative_s.c
[21.922s] -- Installing: /home/gustavo/prova1-m6-ec/meu_workspace/install/turtlesim/local/lib/python3.10/dist-packages/turtlesim/srv/_spawn_s.c
[21.922s] -- Installing: /home/gustavo/prova1-m6-ec/meu_workspace/install/turtlesim/local/lib/python3.10/dist-packages/turtlesim/srv/_kill.py
[21.922s] -- Installing: /home/gustavo/prova1-m6-ec/meu_workspace/install/turtlesim/local/lib/python3.10/dist-packages/turtlesim/srv/_teleport_relative.py
[21.922s] -- Installing: /home/gustavo/prova1-m6-ec/meu_workspace/install/turtlesim/local/lib/python3.10/dist-packages/turtlesim/srv/_set_pen.py
[21.922s] -- Installing: /home/gustavo/prova1-m6-ec/meu_workspace/install/turtlesim/local/lib/python3.10/dist-packages/turtlesim/srv/_teleport_absolute_s.c
[21.922s] -- Installing: /home/gustavo/prova1-m6-ec/meu_workspace/install/turtlesim/local/lib/python3.10/dist-packages/turtlesim/__init__.py
[21.922s] -- Installing: /home/gustavo/prova1-m6-ec/meu_workspace/install/turtlesim/local/lib/python3.10/dist-packages/turtlesim/libturtlesim__rosidl_generator_py.so
[21.922s] -- Installing: /home/gustavo/prova1-m6-ec/meu_workspace/install/turtlesim/local/lib/python3.10/dist-packages/turtlesim/_turtlesim_s.ep.rosidl_typesupport_introspection_c.c
[21.922s] -- Installing: /home/gustavo/prova1-m6-ec/meu_workspace/install/turtlesim/local/lib/python3.10/dist-packages/turtlesim/turtlesim_s__rosidl_typesupport_fastrtps_c.cpython-310-x86_64-linux-gnu.so
[21.922s] -- Installing: /home/gustavo/prova1-m6-ec/meu_workspace/install/turtlesim/local/lib/python3.10/dist-packages/turtlesim/action
[21.922s] -- Installing: /home/gustavo/prova1-m6-ec/meu_workspace/install/turtlesim/local/lib/python3.10/dist-packages/turtlesim/action/__init__.py
[21.922s] -- Installing: /home/gustavo/prova1-m6-ec/meu_workspace/install/turtlesim/local/lib/python3.10/dist-packages/turtlesim/action/_rotate_absolute_s.c
[21.922s] -- Installing: /home/gustavo/prova1-m6-ec/meu_workspace/install/turtlesim/local/lib/python3.10/dist-packages/turtlesim/action/_rotate_absolute.py
[21.922s] -- Installing: /home/gustavo/prova1-m6-ec/meu_workspace/install/turtlesim/local/lib/python3.10/dist-packages/turtlesim/turtlesim_s__rosidl_typesupport_c.cpython-310-x86_64-linux-gnu.so
[21.922s] -- Installing: /home/gustavo/prova1-m6-ec/meu_workspace/install/turtlesim/local/lib/python3.10/dist-packages/turtlesim/_turtlesim_s.ep.rosidl_typesupport_c.c
[21.922s] -- Installing: /home/gustavo/prova1-m6-ec/meu_workspace/install/turtlesim/local/lib/python3.10/dist-packages/turtlesim/turtlesim_s__rosidl_typesupport_introspection_c.cpython-310-x86_64-linux-gnu.so
[21.922s] -- Installing: /home/gustavo/prova1-m6-ec/meu_workspace/install/turtlesim/local/lib/python3.10/dist-packages/turtlesim/msg
[21.922s] -- Installing: /home/gustavo/prova1-m6-ec/meu_workspace/install/turtlesim/local/lib/python3.10/dist-packages/turtlesim/msg/__init__.py
[21.923s] -- Installing: /home/gustavo/prova1-m6-ec/meu_workspace/install/turtlesim/local/lib/python3.10/dist-packages/turtlesim/msg/_pose_s.c
[21.923s] -- Installing: /home/gustavo/prova1-m6-ec/meu_workspace/install/turtlesim/local/lib/python3.10/dist-packages/turtlesim/msg/_pose.py
[21.923s] -- Installing: /home/gustavo/prova1-m6-ec/meu_workspace/install/turtlesim/local/lib/python3.10/dist-packages/turtlesim/msg/_color_s.c
[21.923s] -- Installing: /home/gustavo/prova1-m6-ec/meu_workspace/install/turtlesim/local/lib/python3.10/dist-packages/turtlesim/msg/_color.py
[21.923s] -- Installing: /home/gustavo/prova1-m6-ec/meu_workspace/install/turtlesim/local/lib/python3.10/dist-packages/turtlesim/_turtlesim_s.ep.rosidl_typesupport_fastrtps_c.c
[21.957s] Listing '/home/gustavo/prova1-m6-ec/meu_workspace/install/turtlesim/local/lib/python3.10/dist-packages/turtlesim'...
[21.957s] Compiling '/home/gustavo/prova1-m6-ec/meu_workspace/install/turtlesim/local/lib/python3.10/dist-packages/turtlesim/__init__.py'...
[21.957s] Listing '/home/gustavo/prova1-m6-ec/meu_workspace/install/turtlesim/local/lib/python3.10/dist-packages/turtlesim/action'...
[21.957s] Compiling '/home/gustavo/prova1-m6-ec/meu_workspace/install/turtlesim/local/lib/python3.10/dist-packages/turtlesim/action/__init__.py'...
[21.957s] Compiling '/home/gustavo/prova1-m6-ec/meu_workspace/install/turtlesim/local/lib/python3.10/dist-packages/turtlesim/action/_rotate_absolute.py'...
[21.957s] Listing '/home/gustavo/prova1-m6-ec/meu_workspace/install/turtlesim/local/lib/python3.10/dist-packages/turtlesim/msg'...
[21.957s] Compiling '/home/gustavo/prova1-m6-ec/meu_workspace/install/turtlesim/local/lib/python3.10/dist-packages/turtlesim/msg/__init__.py'...
[21.957s] Compiling '/home/gustavo/prova1-m6-ec/meu_workspace/install/turtlesim/local/lib/python3.10/dist-packages/turtlesim/msg/_color.py'...
[21.957s] Compiling '/home/gustavo/prova1-m6-ec/meu_workspace/install/turtlesim/local/lib/python3.10/dist-packages/turtlesim/msg/_pose.py'...
[21.957s] Listing '/home/gustavo/prova1-m6-ec/meu_workspace/install/turtlesim/local/lib/python3.10/dist-packages/turtlesim/srv'...
[21.957s] Compiling '/home/gustavo/prova1-m6-ec/meu_workspace/install/turtlesim/local/lib/python3.10/dist-packages/turtlesim/srv/__init__.py'...
[21.958s] Compiling '/home/gustavo/prova1-m6-ec/meu_workspace/install/turtlesim/local/lib/python3.10/dist-packages/turtlesim/srv/_kill.py'...
[21.958s] Compiling '/home/gustavo/prova1-m6-ec/meu_workspace/install/turtlesim/local/lib/python3.10/dist-packages/turtlesim/srv/_set_pen.py'...
[21.958s] Compiling '/home/gustavo/prova1-m6-ec/meu_workspace/install/turtlesim/local/lib/python3.10/dist-packages/turtlesim/srv/_spawn.py'...
[21.958s] Compiling '/home/gustavo/prova1-m6-ec/meu_workspace/install/turtlesim/local/lib/python3.10/dist-packages/turtlesim/srv/_teleport_absolute.py'...
[21.958s] Compiling '/home/gustavo/prova1-m6-ec/meu_workspace/install/turtlesim/local/lib/python3.10/dist-packages/turtlesim/srv/_teleport_relative.py'...
[21.961s] -- Installing: /home/gustavo/prova1-m6-ec/meu_workspace/install/turtlesim/local/lib/python3.10/dist-packages/turtlesim/turtlesim_s__rosidl_typesupport_fastrtps_c.cpython-310-x86_64-linux-gnu.so
[21.961s] -- Set runtime path of "/home/gustavo/prova1-m6-ec/meu_workspace/install/turtlesim/local/lib/python3.10/dist-packages/turtlesim/turtlesim_s__rosidl_typesupport_fastrtps_c.cpython-310-x86_64-linux-gnu.so" to ""
[21.961s] -- Installing: /home/gustavo/prova1-m6-ec/meu_workspace/install/turtlesim/local/lib/python3.10/dist-packages/turtlesim/turtlesim_s__rosidl_typesupport_introspection_c.cpython-310-x86_64-linux-gnu.so
[21.961s] -- Set runtime path of "/home/gustavo/prova1-m6-ec/meu_workspace/install/turtlesim/local/lib/python3.10/dist-packages/turtlesim/turtlesim_s__rosidl_typesupport_introspection_c.cpython-310-x86_64-linux-gnu.so" to ""
[21.961s] -- Installing: /home/gustavo/prova1-m6-ec/meu_workspace/install/turtlesim/local/lib/python3.10/dist-packages/turtlesim/turtlesim_s__rosidl_typesupport_c.cpython-310-x86_64-linux-gnu.so
[21.962s] -- Set runtime path of "/home/gustavo/prova1-m6-ec/meu_workspace/install/turtlesim/local/lib/python3.10/dist-packages/turtlesim/turtlesim_s__rosidl_typesupport_c.cpython-310-x86_64-linux-gnu.so" to ""
[21.962s] -- Installing: /home/gustavo/prova1-m6-ec/meu_workspace/install/turtlesim/lib/libturtlesim__rosidl_generator_py.so
[21.962s] -- Set runtime path of "/home/gustavo/prova1-m6-ec/meu_workspace/install/turtlesim/lib/libturtlesim__rosidl_generator_py.so" to ""
[21.962s] -- Installing: /home/gustavo/prova1-m6-ec/meu_workspace/install/turtlesim/share/turtlesim/action/RotateAbsolute.idl
[21.962s] -- Installing: /home/gustavo/prova1-m6-ec/meu_workspace/install/turtlesim/share/turtlesim/msg/Color.idl
[21.962s] -- Installing: /home/gustavo/prova1-m6-ec/meu_workspace/install/turtlesim/share/turtlesim/msg/Pose.idl
[21.963s] -- Installing: /home/gustavo/prova1-m6-ec/meu_workspace/install/turtlesim/share/turtlesim/srv/Kill.idl
[21.963s] -- Installing: /home/gustavo/prova1-m6-ec/meu_workspace/install/turtlesim/share/turtlesim/srv/SetPen.idl
[21.963s] -- Installing: /home/gustavo/prova1-m6-ec/meu_workspace/install/turtlesim/share/turtlesim/srv/Spawn.idl
[21.963s] -- Installing: /home/gustavo/prova1-m6-ec/meu_workspace/install/turtlesim/share/turtlesim/srv/TeleportAbsolute.idl
[21.963s] -- Installing: /home/gustavo/prova1-m6-ec/meu_workspace/install/turtlesim/share/turtlesim/srv/TeleportRelative.idl
[21.963s] -- Installing: /home/gustavo/prova1-m6-ec/meu_workspace/install/turtlesim/share/turtlesim/action/RotateAbsolute.action
[21.963s] -- Installing: /home/gustavo/prova1-m6-ec/meu_workspace/install/turtlesim/share/turtlesim/msg/Color.msg
[21.963s] -- Installing: /home/gustavo/prova1-m6-ec/meu_workspace/install/turtlesim/share/turtlesim/msg/Pose.msg
[21.963s] -- Installing: /home/gustavo/prova1-m6-ec/meu_workspace/install/turtlesim/share/turtlesim/srv/Kill.srv
[21.963s] -- Installing: /home/gustavo/prova1-m6-ec/meu_workspace/install/turtlesim/share/turtlesim/srv/Kill_Request.msg
[21.964s] -- Installing: /home/gustavo/prova1-m6-ec/meu_workspace/install/turtlesim/share/turtlesim/srv/Kill_Response.msg
[21.964s] -- Installing: /home/gustavo/prova1-m6-ec/meu_workspace/install/turtlesim/share/turtlesim/srv/SetPen.srv
[21.964s] -- Installing: /home/gustavo/prova1-m6-ec/meu_workspace/install/turtlesim/share/turtlesim/srv/SetPen_Request.msg
[21.964s] -- Installing: /home/gustavo/prova1-m6-ec/meu_workspace/install/turtlesim/share/turtlesim/srv/SetPen_Response.msg
[21.964s] -- Installing: /home/gustavo/prova1-m6-ec/meu_workspace/install/turtlesim/share/turtlesim/srv/Spawn.srv
[21.964s] -- Installing: /home/gustavo/prova1-m6-ec/meu_workspace/install/turtlesim/share/turtlesim/srv/Spawn_Request.msg
[21.964s] -- Installing: /home/gustavo/prova1-m6-ec/meu_workspace/install/turtlesim/share/turtlesim/srv/Spawn_Response.msg
[21.964s] -- Installing: /home/gustavo/prova1-m6-ec/meu_workspace/install/turtlesim/share/turtlesim/srv/TeleportAbsolute.srv
[21.964s] -- Installing: /home/gustavo/prova1-m6-ec/meu_workspace/install/turtlesim/share/turtlesim/srv/TeleportAbsolute_Request.msg
[21.965s] -- Installing: /home/gustavo/prova1-m6-ec/meu_workspace/install/turtlesim/share/turtlesim/srv/TeleportAbsolute_Response.msg
[21.965s] -- Installing: /home/gustavo/prova1-m6-ec/meu_workspace/install/turtlesim/share/turtlesim/srv/TeleportRelative.srv
[21.965s] -- Installing: /home/gustavo/prova1-m6-ec/meu_workspace/install/turtlesim/share/turtlesim/srv/TeleportRelative_Request.msg
[21.965s] -- Installing: /home/gustavo/prova1-m6-ec/meu_workspace/install/turtlesim/share/turtlesim/srv/TeleportRelative_Response.msg
[21.965s] -- Installing: /home/gustavo/prova1-m6-ec/meu_workspace/install/turtlesim/lib/turtlesim/turtlesim_node
[21.971s] -- Set runtime path of "/home/gustavo/prova1-m6-ec/meu_workspace/install/turtlesim/lib/turtlesim/turtlesim_node" to ""
[21.971s] -- Installing: /home/gustavo/prova1-m6-ec/meu_workspace/install/turtlesim/lib/turtlesim/turtle_teleop_key
[21.972s] -- Set runtime path of "/home/gustavo/prova1-m6-ec/meu_workspace/install/turtlesim/lib/turtlesim/turtle_teleop_key" to ""
[21.972s] -- Installing: /home/gustavo/prova1-m6-ec/meu_workspace/install/turtlesim/lib/turtlesim/draw_square
[21.975s] -- Set runtime path of "/home/gustavo/prova1-m6-ec/meu_workspace/install/turtlesim/lib/turtlesim/draw_square" to ""
[21.975s] -- Installing: /home/gustavo/prova1-m6-ec/meu_workspace/install/turtlesim/lib/turtlesim/mimic
[21.978s] -- Set runtime path of "/home/gustavo/prova1-m6-ec/meu_workspace/install/turtlesim/lib/turtlesim/mimic" to ""
[21.978s] -- Installing: /home/gustavo/prova1-m6-ec/meu_workspace/install/turtlesim/share/turtlesim/images
[21.978s] -- Installing: /home/gustavo/prova1-m6-ec/meu_workspace/install/turtlesim/share/turtlesim/images/ardent.png
[21.978s] -- Installing: /home/gustavo/prova1-m6-ec/meu_workspace/install/turtlesim/share/turtlesim/images/dashing.png
[21.978s] -- Installing: /home/gustavo/prova1-m6-ec/meu_workspace/install/turtlesim/share/turtlesim/images/galactic.png
[21.978s] -- Installing: /home/gustavo/prova1-m6-ec/meu_workspace/install/turtlesim/share/turtlesim/images/bouncy.png
[21.978s] -- Installing: /home/gustavo/prova1-m6-ec/meu_workspace/install/turtlesim/share/turtlesim/images/eloquent.png
[21.978s] -- Installing: /home/gustavo/prova1-m6-ec/meu_workspace/install/turtlesim/share/turtlesim/images/rolling.png
[21.978s] -- Installing: /home/gustavo/prova1-m6-ec/meu_workspace/install/turtlesim/share/turtlesim/images/foxy.png
[21.979s] -- Installing: /home/gustavo/prova1-m6-ec/meu_workspace/install/turtlesim/share/turtlesim/images/humble.png
[21.979s] -- Installing: /home/gustavo/prova1-m6-ec/meu_workspace/install/turtlesim/share/turtlesim/images/crystal.png
[21.979s] -- Installing: /home/gustavo/prova1-m6-ec/meu_workspace/install/turtlesim/share/turtlesim/launch
[21.979s] -- Installing: /home/gustavo/prova1-m6-ec/meu_workspace/install/turtlesim/share/turtlesim/launch/multisim.launch.py
[21.979s] -- Installing: /home/gustavo/prova1-m6-ec/meu_workspace/install/turtlesim/share/ament_index/resource_index/package_run_dependencies/turtlesim
[21.979s] -- Installing: /home/gustavo/prova1-m6-ec/meu_workspace/install/turtlesim/share/ament_index/resource_index/parent_prefix_path/turtlesim
[21.979s] -- Installing: /home/gustavo/prova1-m6-ec/meu_workspace/install/turtlesim/share/turtlesim/environment/ament_prefix_path.sh
[21.979s] -- Installing: /home/gustavo/prova1-m6-ec/meu_workspace/install/turtlesim/share/turtlesim/environment/ament_prefix_path.dsv
[21.979s] -- Installing: /home/gustavo/prova1-m6-ec/meu_workspace/install/turtlesim/share/turtlesim/environment/path.sh
[21.980s] -- Installing: /home/gustavo/prova1-m6-ec/meu_workspace/install/turtlesim/share/turtlesim/environment/path.dsv
[21.980s] -- Installing: /home/gustavo/prova1-m6-ec/meu_workspace/install/turtlesim/share/turtlesim/local_setup.bash
[21.980s] -- Installing: /home/gustavo/prova1-m6-ec/meu_workspace/install/turtlesim/share/turtlesim/local_setup.sh
[21.980s] -- Installing: /home/gustavo/prova1-m6-ec/meu_workspace/install/turtlesim/share/turtlesim/local_setup.zsh
[21.980s] -- Installing: /home/gustavo/prova1-m6-ec/meu_workspace/install/turtlesim/share/turtlesim/local_setup.dsv
[21.980s] -- Installing: /home/gustavo/prova1-m6-ec/meu_workspace/install/turtlesim/share/turtlesim/package.dsv
[21.980s] -- Installing: /home/gustavo/prova1-m6-ec/meu_workspace/install/turtlesim/share/ament_index/resource_index/packages/turtlesim
[21.980s] -- Installing: /home/gustavo/prova1-m6-ec/meu_workspace/install/turtlesim/share/turtlesim/cmake/export_turtlesim__rosidl_generator_cExport.cmake
[21.980s] -- Installing: /home/gustavo/prova1-m6-ec/meu_workspace/install/turtlesim/share/turtlesim/cmake/export_turtlesim__rosidl_generator_cExport-noconfig.cmake
[21.981s] -- Installing: /home/gustavo/prova1-m6-ec/meu_workspace/install/turtlesim/share/turtlesim/cmake/export_turtlesim__rosidl_typesupport_fastrtps_cExport.cmake
[21.981s] -- Installing: /home/gustavo/prova1-m6-ec/meu_workspace/install/turtlesim/share/turtlesim/cmake/export_turtlesim__rosidl_typesupport_fastrtps_cExport-noconfig.cmake
[21.981s] -- Installing: /home/gustavo/prova1-m6-ec/meu_workspace/install/turtlesim/share/turtlesim/cmake/export_turtlesim__rosidl_generator_cppExport.cmake
[21.981s] -- Installing: /home/gustavo/prova1-m6-ec/meu_workspace/install/turtlesim/share/turtlesim/cmake/export_turtlesim__rosidl_typesupport_fastrtps_cppExport.cmake
[21.981s] -- Installing: /home/gustavo/prova1-m6-ec/meu_workspace/install/turtlesim/share/turtlesim/cmake/export_turtlesim__rosidl_typesupport_fastrtps_cppExport-noconfig.cmake
[21.981s] -- Installing: /home/gustavo/prova1-m6-ec/meu_workspace/install/turtlesim/share/turtlesim/cmake/turtlesim__rosidl_typesupport_introspection_cExport.cmake
[21.981s] -- Installing: /home/gustavo/prova1-m6-ec/meu_workspace/install/turtlesim/share/turtlesim/cmake/turtlesim__rosidl_typesupport_introspection_cExport-noconfig.cmake
[21.981s] -- Installing: /home/gustavo/prova1-m6-ec/meu_workspace/install/turtlesim/share/turtlesim/cmake/turtlesim__rosidl_typesupport_cExport.cmake
[21.982s] -- Installing: /home/gustavo/prova1-m6-ec/meu_workspace/install/turtlesim/share/turtlesim/cmake/turtlesim__rosidl_typesupport_cExport-noconfig.cmake
[21.982s] -- Installing: /home/gustavo/prova1-m6-ec/meu_workspace/install/turtlesim/share/turtlesim/cmake/turtlesim__rosidl_typesupport_introspection_cppExport.cmake
[21.982s] -- Installing: /home/gustavo/prova1-m6-ec/meu_workspace/install/turtlesim/share/turtlesim/cmake/turtlesim__rosidl_typesupport_introspection_cppExport-noconfig.cmake
[21.982s] -- Installing: /home/gustavo/prova1-m6-ec/meu_workspace/install/turtlesim/share/turtlesim/cmake/turtlesim__rosidl_typesupport_cppExport.cmake
[21.982s] -- Installing: /home/gustavo/prova1-m6-ec/meu_workspace/install/turtlesim/share/turtlesim/cmake/turtlesim__rosidl_typesupport_cppExport-noconfig.cmake
[21.982s] -- Installing: /home/gustavo/prova1-m6-ec/meu_workspace/install/turtlesim/share/turtlesim/cmake/export_turtlesim__rosidl_generator_pyExport.cmake
[21.982s] -- Installing: /home/gustavo/prova1-m6-ec/meu_workspace/install/turtlesim/share/turtlesim/cmake/export_turtlesim__rosidl_generator_pyExport-noconfig.cmake
[21.982s] -- Installing: /home/gustavo/prova1-m6-ec/meu_workspace/install/turtlesim/share/turtlesim/cmake/rosidl_cmake-extras.cmake
[21.982s] -- Installing: /home/gustavo/prova1-m6-ec/meu_workspace/install/turtlesim/share/turtlesim/cmake/ament_cmake_export_dependencies-extras.cmake
[21.983s] -- Installing: /home/gustavo/prova1-m6-ec/meu_workspace/install/turtlesim/share/turtlesim/cmake/ament_cmake_export_include_directories-extras.cmake
[21.983s] -- Installing: /home/gustavo/prova1-m6-ec/meu_workspace/install/turtlesim/share/turtlesim/cmake/ament_cmake_export_libraries-extras.cmake
[21.983s] -- Installing: /home/gustavo/prova1-m6-ec/meu_workspace/install/turtlesim/share/turtlesim/cmake/ament_cmake_export_targets-extras.cmake
[21.983s] -- Installing: /home/gustavo/prova1-m6-ec/meu_workspace/install/turtlesim/share/turtlesim/cmake/rosidl_cmake_export_typesupport_targets-extras.cmake
[21.983s] -- Installing: /home/gustavo/prova1-m6-ec/meu_workspace/install/turtlesim/share/turtlesim/cmake/rosidl_cmake_export_typesupport_libraries-extras.cmake
[21.983s] -- Installing: /home/gustavo/prova1-m6-ec/meu_workspace/install/turtlesim/share/turtlesim/cmake/turtlesimConfig.cmake
[21.983s] -- Installing: /home/gustavo/prova1-m6-ec/meu_workspace/install/turtlesim/share/turtlesim/cmake/turtlesimConfig-version.cmake
[21.983s] -- Installing: /home/gustavo/prova1-m6-ec/meu_workspace/install/turtlesim/share/turtlesim/package.xml
[21.985s] Invoked command in '/home/gustavo/prova1-m6-ec/meu_workspace/build/turtlesim' returned '0': CMAKE_PREFIX_PATH=/opt/ros/humble /usr/bin/cmake --install /home/gustavo/prova1-m6-ec/meu_workspace/build/turtlesim
